/*C3*/SET SCHEMA PUBLIC
CREATE TABLE IF NOT EXISTS AL_CONFIGURATION ( PROPERTY_NAME VARCHAR(255) NOT NULL UNIQUE , PROPERTY_VALUE LONGVARCHAR ) 
CREATE TABLE IF NOT EXISTS AL_GROUPS ( GROUP_NAME VARCHAR(255) NOT NULL PRIMARY KEY , DESCRIPTION LONGVARCHAR ) 
CREATE TABLE IF NOT EXISTS AL_TABLES ( TABLE_NAME VARCHAR(255) NOT NULL PRIMARY KEY , GROUP_NAME VARCHAR(255) , DESCRIPTION LONGVARCHAR ) 
CREATE TABLE IF NOT EXISTS AL_CUSTOM_TYPE ( TABLE_NAME VARCHAR(255) , COLUMN_NAME VARCHAR(255) , TYPE VARCHAR(255) , NAME VARCHAR(255) ) 
CREATE TABLE IF NOT EXISTS AL_VIEWS ( VIEW_NAME VARCHAR(255) NOT NULL UNIQUE , VIEW_DEFINITION LONGVARCHAR , IS_VALID BOOLEAN ) 
CREATE TABLE IF NOT EXISTS AL_SELECTED_LOG_OBJECTS ( NAME VARCHAR(255) NOT NULL UNIQUE , TYPE VARCHAR(255) ) 
CREATE TABLE IF NOT EXISTS AL_DB_OBJECTS ( NAME VARCHAR(255) NOT NULL UNIQUE , TYPE VARCHAR(255) , USAGE VARCHAR(255) ) 
/*C4*/SET SCHEMA PUBLIC
DISCONNECT
/*C5*/SET SCHEMA PUBLIC
DISCONNECT
/*C6*/SET SCHEMA PUBLIC
DISCONNECT
/*C7*/SET SCHEMA PUBLIC
DISCONNECT
/*C8*/SET SCHEMA PUBLIC
DISCONNECT
/*C9*/SET SCHEMA PUBLIC
DISCONNECT
/*C10*/SET SCHEMA PUBLIC
DISCONNECT
/*C11*/SET SCHEMA PUBLIC
DISCONNECT
/*C12*/SET SCHEMA PUBLIC
DISCONNECT
/*C13*/SET SCHEMA PUBLIC
DISCONNECT
/*C14*/SET SCHEMA PUBLIC
DISCONNECT
/*C15*/SET SCHEMA PUBLIC
DISCONNECT
/*C16*/SET SCHEMA PUBLIC
DISCONNECT
/*C17*/SET SCHEMA PUBLIC
DISCONNECT
/*C18*/SET SCHEMA PUBLIC
DISCONNECT
/*C19*/SET SCHEMA PUBLIC
DISCONNECT
/*C20*/SET SCHEMA PUBLIC
DISCONNECT
/*C21*/SET SCHEMA PUBLIC
DISCONNECT
/*C3*/DISCONNECT
/*C22*/SET SCHEMA PUBLIC
DROP TABLE insulation_cost CASCADE 
DELETE FROM AL_TABLES WHERE TABLE_NAME='insulation_cost'
COMMIT
DROP TABLE isolation_cost CASCADE 
DELETE FROM AL_TABLES WHERE TABLE_NAME='isolation_cost'
COMMIT
DISCONNECT
/*C23*/SET SCHEMA PUBLIC
DROP TABLE energy_saving_isolation CASCADE 
DELETE FROM AL_TABLES WHERE TABLE_NAME='energy_saving_isolation'
COMMIT
DISCONNECT
/*C24*/SET SCHEMA PUBLIC
DROP TABLE energy_cost CASCADE 
DELETE FROM AL_TABLES WHERE TABLE_NAME='energy_cost'
COMMIT
DISCONNECT
/*C25*/SET SCHEMA PUBLIC
CREATE TABLE energy_cost ( al_id INT IDENTITY , energy_prize_2030_tax_included_per_k_wh VARCHAR(16777216) NULL , low DOUBLE NULL , standard DOUBLE NULL , low_1 DOUBLE NULL ) 
INSERT INTO AL_TABLES VALUES('energy_cost',NULL,'')
COMMIT
DISCONNECT
/*C26*/SET SCHEMA PUBLIC
CREATE TABLE energy_saving_isolation ( al_id INT IDENTITY , housing_type VARCHAR(16777216) NULL , low INTEGER NULL , medium DOUBLE NULL , high DOUBLE NULL ) 
INSERT INTO AL_TABLES VALUES('energy_saving_isolation',NULL,'')
COMMIT
DISCONNECT
/*C27*/SET SCHEMA PUBLIC
CREATE TABLE isolation_cost ( al_id INT IDENTITY , woningtype VARCHAR(16777216) NULL , isolatiesprong VARCHAR(16777216) NULL , db_2015_eur_db INTEGER NULL , db_2020_eur_db INTEGER NULL , db_2030_eur_db INTEGER NULL , db_2050_eur_db INTEGER NULL ) 
INSERT INTO AL_TABLES VALUES('isolation_cost',NULL,'')
COMMIT
DISCONNECT
/*C28*/SET SCHEMA PUBLIC
CREATE TABLE insulation_cost ( al_id INT IDENTITY , woningtype VARCHAR(16777216) NULL , isolatiesprong VARCHAR(16777216) NULL , db_2015_eur_db INTEGER NULL , db_2020_eur_db INTEGER NULL , db_2030_eur_db INTEGER NULL , db_2050_eur_db INTEGER NULL ) 
INSERT INTO AL_TABLES VALUES('insulation_cost',NULL,'')
COMMIT
DISCONNECT
/*C30*/SET SCHEMA PUBLIC
DISCONNECT
/*C29*/SET SCHEMA PUBLIC
DISCONNECT
/*C32*/SET SCHEMA PUBLIC
DISCONNECT
/*C31*/SET SCHEMA PUBLIC
DISCONNECT
/*C33*/SET SCHEMA PUBLIC
DISCONNECT
/*C34*/SET SCHEMA PUBLIC
DISCONNECT
/*C36*/SET SCHEMA PUBLIC
DISCONNECT
/*C35*/SET SCHEMA PUBLIC
DISCONNECT
/*C37*/SET SCHEMA PUBLIC
DROP TABLE electricity_fixed_and_variable CASCADE 
DELETE FROM AL_TABLES WHERE TABLE_NAME='electricity_fixed_and_variable'
COMMIT
DROP TABLE district_heating CASCADE 
DELETE FROM AL_TABLES WHERE TABLE_NAME='district_heating'
COMMIT
DROP TABLE energy_cost CASCADE 
DELETE FROM AL_TABLES WHERE TABLE_NAME='energy_cost'
COMMIT
DROP TABLE isolation_cost CASCADE 
DELETE FROM AL_TABLES WHERE TABLE_NAME='isolation_cost'
COMMIT
DROP TABLE energy_saving_isolation CASCADE 
DELETE FROM AL_TABLES WHERE TABLE_NAME='energy_saving_isolation'
COMMIT
DROP TABLE cable_lengths CASCADE 
DELETE FROM AL_TABLES WHERE TABLE_NAME='cable_lengths'
COMMIT
DROP TABLE inhouse_heat_systems CASCADE 
DELETE FROM AL_TABLES WHERE TABLE_NAME='inhouse_heat_systems'
COMMIT
DROP TABLE gas_fixed_and_variable CASCADE 
DELETE FROM AL_TABLES WHERE TABLE_NAME='gas_fixed_and_variable'
COMMIT
CREATE TABLE electricity_fixed_and_variable ( al_id INT IDENTITY , jaar INTEGER NULL , netbeheerkosten INTEGER NULL , vaste_leveringskosten INTEGER NULL , belastingvermindering INTEGER NULL , variabele_leveringskosten DOUBLE NULL , energiebelasting DOUBLE NULL , ode DOUBLE NULL , subtotaal DOUBLE NULL , btw DOUBLE NULL , totaal DOUBLE NULL ) 
INSERT INTO AL_TABLES VALUES('electricity_fixed_and_variable',NULL,'')
COMMIT
CREATE TABLE district_heating ( al_id INT IDENTITY , component LONGVARCHAR NULL , aansluitkosten INTEGER NULL , unit LONGVARCHAR NULL , component1 LONGVARCHAR NULL , aansluitkosten1 INTEGER NULL , unit1 LONGVARCHAR NULL , eenmalige_aansluitbijdragen DOUBLE NULL , unit_1 LONGVARCHAR NULL , onderhoudskosten_aansluiting_jaar INTEGER NULL , periodiek_nettarief_aansluiting_jaar DOUBLE NULL , levensduur INTEGER NULL , leveringskosten_warmte_eur_gj INTEGER NULL , leveringskosten_warmte_eur_k_wh DOUBLE NULL ) 
INSERT INTO AL_TABLES VALUES('district_heating',NULL,'')
COMMIT
CREATE TABLE energy_cost ( al_id INT IDENTITY , energy_prize_2030_tax_included_per_k_wh LONGVARCHAR NULL , low DOUBLE NULL , standard DOUBLE NULL , low_1 DOUBLE NULL ) 
INSERT INTO AL_TABLES VALUES('energy_cost',NULL,'')
COMMIT
CREATE TABLE isolation_cost ( al_id INT IDENTITY , woningtype LONGVARCHAR NULL , isolatiesprong LONGVARCHAR NULL , db_2015_eur_db INTEGER NULL , db_2020_eur_db INTEGER NULL , db_2030_eur_db INTEGER NULL , db_2050_eur_db INTEGER NULL ) 
INSERT INTO AL_TABLES VALUES('isolation_cost',NULL,'')
COMMIT
CREATE TABLE energy_saving_isolation ( al_id INT IDENTITY , housing_type LONGVARCHAR NULL , low INTEGER NULL , medium DOUBLE NULL , high DOUBLE NULL ) 
INSERT INTO AL_TABLES VALUES('energy_saving_isolation',NULL,'')
COMMIT
CREATE TABLE cable_lengths ( al_id INT IDENTITY , neighborhood LONGVARCHAR NULL , urbanisation LONGVARCHAR NULL , gasnet_m_connection INTEGER NULL , electricitynet_m_connection INTEGER NULL ) 
INSERT INTO AL_TABLES VALUES('cable_lengths',NULL,'')
COMMIT
CREATE TABLE inhouse_heat_systems ( al_id INT IDENTITY , heat_installations_household LONGVARCHAR NULL , type LONGVARCHAR NULL , fixed_opex DOUBLE NULL , unit_fixed_opex LONGVARCHAR NULL , variable_opex_eur_k_w_y INTEGER NULL , capex_eur_k_w DOUBLE NULL , unit LONGVARCHAR NULL , lifetime INTEGER NULL ) 
INSERT INTO AL_TABLES VALUES('inhouse_heat_systems',NULL,'')
COMMIT
CREATE TABLE gas_fixed_and_variable ( al_id INT IDENTITY , energiedrager LONGVARCHAR NULL , year INTEGER NULL , tarief_netbeheerkosten_eur_y INTEGER NULL , tarief_vaste_leveringskosten_eur_y INTEGER NULL , tarief_variabele_leveringskosten_eur_m3 DOUBLE NULL , energiebelasting_eur_m3 DOUBLE NULL , ode_eur_m3 DOUBLE NULL , subtotaal DOUBLE NULL , btw DOUBLE NULL , totaal DOUBLE NULL ) 
INSERT INTO AL_TABLES VALUES('gas_fixed_and_variable',NULL,'')
COMMIT
/*C38*/SET SCHEMA PUBLIC
INSERT INTO ELECTRICITY_FIXED_AND_VARIABLE VALUES(0,2018,195,45,313,0.06E0,0.11E0,0.01E0,0.18E0,0.21E0,0.2178E0)
INSERT INTO ELECTRICITY_FIXED_AND_VARIABLE VALUES(1,2019,197,55,258,0.07E0,0.1E0,0.02E0,0.19E0,0.21E0,0.2299E0)
INSERT INTO ELECTRICITY_FIXED_AND_VARIABLE VALUES(2,2020,197,55,430,0.06E0,0.1E0,0.03E0,0.19E0,0.21E0,0.2299E0)
INSERT INTO ELECTRICITY_FIXED_AND_VARIABLE VALUES(3,2022,229,64,430,0.64E0,0.037E0,0.03E0,0.7070000000000001E0,0.09E0,0.7706300000000001E0)
INSERT INTO ELECTRICITY_FIXED_AND_VARIABLE VALUES(4,2030,246,55,449,0.08E0,0.07E0,0.03E0,0.18000000000000002E0,0.21E0,0.21780000000000002E0)
COMMIT
INSERT INTO DISTRICT_HEATING VALUES(0,'Warmteaansluiting grondgebonden',12000,'\u20ac/aansluiting','Warmteaansluiting grondgebonden',12000,'/aansluiting',836.14E0,'/aansluiting',360,267.92E0,30,50,0.18E0)
INSERT INTO DISTRICT_HEATING VALUES(1,'Warmteaansluiting gestapeld',10000,'\u20ac/aansluiting','Warmteaansluiting gestapeld',10000,'/aansluiting',836.14E0,'/aansluiting',360,267.92E0,30,50,0.18E0)
INSERT INTO DISTRICT_HEATING VALUES(2,'Warmteaansluiting collectief',4000,'\u20ac/aansluiting','Warmteaansluiting collectief',4000,'/aansluiting',836.14E0,'/aansluiting',360,267.92E0,30,50,0.18E0)
INSERT INTO DISTRICT_HEATING VALUES(3,'Warmtenet',270,'\u20ac/m','Warmtenet',270,'/m',0.0E0,NULL,0,0.0E0,30,50,0.18E0)
COMMIT
INSERT INTO ENERGY_COST VALUES(0,'Electricity (<10.000 kWh/jr)',0.065E0,0.086E0,0.108E0)
INSERT INTO ENERGY_COST VALUES(1,'Electricity (<50.000 kWh/jr)',0.07E0,0.091E0,0.113E0)
INSERT INTO ENERGY_COST VALUES(2,'Electricity (<10.000.000 kWh/jr)',0.083E0,0.104E0,0.126E0)
INSERT INTO ENERGY_COST VALUES(3,'Electricity (>10.000.000 kWh/jr)',0.042E0,0.063E0,0.086E0)
INSERT INTO ENERGY_COST VALUES(4,'Green gas',0.65E0,1.03E0,1.06E0)
COMMIT
INSERT INTO ISOLATION_COST VALUES(0,'Tussenwoning','Laag -> Midden',800,7200,6500,5400)
INSERT INTO ISOLATION_COST VALUES(1,'Tussenwoning','Laag -> Hoog',30000,20000,18000,15000)
INSERT INTO ISOLATION_COST VALUES(2,'Tussenwoning','Midden -> Hoog',24000,16000,14400,12000)
INSERT INTO ISOLATION_COST VALUES(3,'Hoekwoning','Laag -> Midden',9500,8500,7700,6500)
INSERT INTO ISOLATION_COST VALUES(4,'Hoekwoning','Laag -> Hoog',40000,26000,24000,20000)
INSERT INTO ISOLATION_COST VALUES(5,'Hoekwoning','Midden -> Hoog',32000,20800,19200,16000)
INSERT INTO ISOLATION_COST VALUES(6,'Flat','Laag -> Midden',6500,5800,5200,4400)
INSERT INTO ISOLATION_COST VALUES(7,'Flat','Laag -> Hoog',22000,15000,13500,9500)
INSERT INTO ISOLATION_COST VALUES(8,'Flat','Midden -> Hoog',17600,12000,10800,9600)
INSERT INTO ISOLATION_COST VALUES(9,'Twee-onder-een-kapwoning','Laag -> Midden',11500,10300,9300,7800)
INSERT INTO ISOLATION_COST VALUES(10,'Twee-onder-een-kapwoning','Laag -> Hoog',40000,31000,28000,24000)
INSERT INTO ISOLATION_COST VALUES(11,'Twee-onder-een-kapwoning','Midden -> Hoog',32000,24800,22400,19200)
INSERT INTO ISOLATION_COST VALUES(12,'Vrijstaande woning','Laag -> Midden',16000,14200,13000,11000)
INSERT INTO ISOLATION_COST VALUES(13,'Vrijstaande woning','Laag -> Hoog',66000,44000,40000,34000)
INSERT INTO ISOLATION_COST VALUES(14,'Vrijstaande woning','Midden -> Hoog',52800,35200,32000,27200)
COMMIT
INSERT INTO ENERGY_SAVING_ISOLATION VALUES(0,'Flat',0,0.32E0,0.67E0)
INSERT INTO ENERGY_SAVING_ISOLATION VALUES(1,'Hoekwoning',0,0.23E0,0.69E0)
INSERT INTO ENERGY_SAVING_ISOLATION VALUES(2,'Vrijstaande woning',0,0.23E0,0.67E0)
INSERT INTO ENERGY_SAVING_ISOLATION VALUES(3,'Twee-onder-een-kapwoning',0,0.26E0,0.69E0)
INSERT INTO ENERGY_SAVING_ISOLATION VALUES(4,'Tussenwoning',0,0.31E0,0.69E0)
COMMIT
INSERT INTO CABLE_LENGTHS VALUES(0,'Oude dorpskern','3-4',39,44)
INSERT INTO CABLE_LENGTHS VALUES(1,'Historische binnenstad','1.0',12,13)
INSERT INTO CABLE_LENGTHS VALUES(2,'Buitengebied','5.0',61,107)
INSERT INTO CABLE_LENGTHS VALUES(3,'Jonge binnenstad','1.0',14,15)
INSERT INTO CABLE_LENGTHS VALUES(4,'Gemiddeld','2-3-4',22,26)
COMMIT
INSERT INTO INHOUSE_HEAT_SYSTEMS VALUES(0,'Heat pump','Air-water',10.0E0,'EUR/kW/y',0,909.8E0,'EUR/kW',15)
INSERT INTO INHOUSE_HEAT_SYSTEMS VALUES(1,'Heat pump','Ground-water',10.0E0,'EUR/kW/y',0,1390.4E0,'EUR/kW',15)
INSERT INTO INHOUSE_HEAT_SYSTEMS VALUES(2,'Heat pump','Hybrid',40.8163265306122E0,'EUR/kW/y',0,779.387755102041E0,'EUR/kW',15)
INSERT INTO INHOUSE_HEAT_SYSTEMS VALUES(3,'Gas boiler','Decentral',4.45454545454545E0,'EUR/kW/y',0,97.0222727272727E0,'EUR/kW',15)
INSERT INTO INHOUSE_HEAT_SYSTEMS VALUES(4,'Green gas boiler','Decentral',4.45454545454545E0,'EUR/kW/y',0,97.0222727272727E0,'EUR/kW',15)
INSERT INTO INHOUSE_HEAT_SYSTEMS VALUES(5,'HT-radiator',NULL,0.0E0,'EUR/kW/y',0,8.0E0,'EUR/m2',15)
INSERT INTO INHOUSE_HEAT_SYSTEMS VALUES(6,'LT-radiator',NULL,0.0E0,'EUR/kW/y',0,15.0E0,'EUR/m2',15)
INSERT INTO INHOUSE_HEAT_SYSTEMS VALUES(7,'Underfloor heating',NULL,0.0E0,'EUR/kW/y',0,71.0E0,'EUR/m2',15)
COMMIT
INSERT INTO GAS_FIXED_AND_VARIABLE VALUES(0,'natural gas',2018,146,46,0.28E0,0.26E0,0.0285E0,0.5685E0,0.21E0,0.687885E0)
INSERT INTO GAS_FIXED_AND_VARIABLE VALUES(1,'natural gas',2019,147,55,0.29E0,0.29E0,0.0524E0,0.6324E0,0.21E0,0.7652039999999999E0)
INSERT INTO GAS_FIXED_AND_VARIABLE VALUES(2,'natural gas',2020,151,55,0.26E0,0.33E0,0.0775E0,0.6675000000000001E0,0.21E0,0.8076750000000001E0)
INSERT INTO GAS_FIXED_AND_VARIABLE VALUES(3,'natural gas',2022,151,60,2.0E0,0.36E0,0.0865E0,2.4465E0,0.21E0,2.9602649999999997E0)
INSERT INTO GAS_FIXED_AND_VARIABLE VALUES(4,'natural gas',2030,151,55,0.35E0,0.39E0,0.1E0,0.84E0,0.21E0,1.0164E0)
INSERT INTO GAS_FIXED_AND_VARIABLE VALUES(5,'green gas',2018,146,46,1.2166000000000001E0,0.26E0,0.0E0,1.4766000000000001E0,0.21E0,1.7866860000000002E0)
INSERT INTO GAS_FIXED_AND_VARIABLE VALUES(6,'green gas',2019,147,55,1.2166000000000001E0,0.29E0,0.0E0,1.5066000000000002E0,0.21E0,1.8229860000000002E0)
INSERT INTO GAS_FIXED_AND_VARIABLE VALUES(7,'green gas',2020,151,55,1.2166000000000001E0,0.33E0,0.0E0,1.5466000000000002E0,0.21E0,1.8713860000000002E0)
INSERT INTO GAS_FIXED_AND_VARIABLE VALUES(8,'green gas',2022,168,60,1.2166000000000001E0,0.33E0,0.0E0,1.5466000000000002E0,0.21E0,1.8713860000000002E0)
INSERT INTO GAS_FIXED_AND_VARIABLE VALUES(9,'green gas',2030,151,55,0.6350138860000001E0,0.39E0,0.0E0,1.025013886E0,0.21E0,1.2402668020599998E0)
COMMIT
DISCONNECT
/*C37*/DISCONNECT
/*C40*/SET SCHEMA PUBLIC
DISCONNECT
/*C41*/SET SCHEMA PUBLIC
DISCONNECT
/*C39*/SET SCHEMA PUBLIC
DISCONNECT
/*C43*/SET SCHEMA PUBLIC
DISCONNECT
/*C42*/SET SCHEMA PUBLIC
DISCONNECT
