/*C2*/SET SCHEMA PUBLIC
CREATE TABLE IF NOT EXISTS AL_CONFIGURATION ( PROPERTY_NAME VARCHAR(255) NOT NULL UNIQUE , PROPERTY_VALUE LONGVARCHAR ) 
CREATE TABLE IF NOT EXISTS AL_GROUPS ( GROUP_NAME VARCHAR(255) NOT NULL PRIMARY KEY , DESCRIPTION LONGVARCHAR ) 
CREATE TABLE IF NOT EXISTS AL_TABLES ( TABLE_NAME VARCHAR(255) NOT NULL PRIMARY KEY , GROUP_NAME VARCHAR(255) , DESCRIPTION LONGVARCHAR ) 
CREATE TABLE IF NOT EXISTS AL_CUSTOM_TYPE ( TABLE_NAME VARCHAR(255) , COLUMN_NAME VARCHAR(255) , TYPE VARCHAR(255) , NAME VARCHAR(255) ) 
CREATE TABLE IF NOT EXISTS AL_VIEWS ( VIEW_NAME VARCHAR(255) NOT NULL UNIQUE , VIEW_DEFINITION LONGVARCHAR , IS_VALID BOOLEAN ) 
CREATE TABLE IF NOT EXISTS AL_SELECTED_LOG_OBJECTS ( NAME VARCHAR(255) NOT NULL UNIQUE , TYPE VARCHAR(255) ) 
CREATE TABLE IF NOT EXISTS AL_DB_OBJECTS ( NAME VARCHAR(255) NOT NULL UNIQUE , TYPE VARCHAR(255) , USAGE VARCHAR(255) ) 
DROP TABLE afrikaanderbuurt_midden_lv_stat CASCADE 
DELETE FROM AL_TABLES WHERE TABLE_NAME='afrikaanderbuurt_midden_lv_stat'
COMMIT
CREATE TABLE afrikaanderbuurt_midden_lv_stat ( al_id INT IDENTITY , currentsta LONGVARCHAR NULL , validfrom LONGVARCHAR NULL , verticalpo LONGVARCHAR NULL , omschrijvi LONGVARCHAR NULL , sourcerefe LONGVARCHAR NULL , containerl LONGVARCHAR NULL , bovengrond BOOLEAN NULL , geonauwkeu LONGVARCHAR NULL , rotatiehoe INTEGER NULL , rotatieh_1 LONGVARCHAR NULL , innetwork LONGVARCHAR NULL , xcoord DOUBLE NULL , ycoord DOUBLE NULL ) 
INSERT INTO AL_TABLES VALUES('afrikaanderbuurt_midden_lv_stat',NULL,'')
COMMIT
/*C3*/SET SCHEMA PUBLIC
INSERT INTO AFRIKAANDERBUURT_MIDDEN_LV_STAT VALUES(0,'functional','2008/03/07 00:00:00.000','onGroundSurface','Netstation','!elec!e_fl_station_lv!105130684','technischGebouw',TRUE,'tot100cm',0,'deg','laagspanning',5.076298813099873E0,51.54557425806523E0)
INSERT INTO AFRIKAANDERBUURT_MIDDEN_LV_STAT VALUES(1,'functional','1965/01/01 00:00:00.000','onGroundSurface','Netstation','!elec!e_fl_station_lv!14812414','technischGebouw',TRUE,'tot100cm',0,'deg','laagspanning',5.077731394208012E0,51.54440926286491E0)
INSERT INTO AFRIKAANDERBUURT_MIDDEN_LV_STAT VALUES(2,'functional','1967/01/01 00:00:00.000','onGroundSurface','Netstation','!elec!e_fl_station_lv!14812566','technischGebouw',TRUE,'tot100cm',0,'deg','laagspanning',5.069751306341601E0,51.54511402449348E0)
INSERT INTO AFRIKAANDERBUURT_MIDDEN_LV_STAT VALUES(3,'functional','1951/01/01 00:00:00.000','onGroundSurface','Netstation','!elec!e_fl_station_lv!14812702','technischGebouw',TRUE,'tot100cm',0,'deg','laagspanning',5.074239255757264E0,51.54694016355527E0)
INSERT INTO AFRIKAANDERBUURT_MIDDEN_LV_STAT VALUES(4,'functional','2017/09/19 00:00:00.000','onGroundSurface','Netstation','!elec!e_fl_station_lv!5398176138999304886','technischGebouw',TRUE,'tot100cm',0,'deg','laagspanning',5.077385672003873E0,51.54704901021624E0)
INSERT INTO AFRIKAANDERBUURT_MIDDEN_LV_STAT VALUES(5,'functional','2018/06/12 00:00:00.000','onGroundSurface','Netstation','!elec!e_fl_station_lv!5585320551425695102','technischGebouw',TRUE,'tot100cm',0,'deg','laagspanning',5.070451841470004E0,51.54668157971448E0)
INSERT INTO AFRIKAANDERBUURT_MIDDEN_LV_STAT VALUES(6,'functional','2020/01/01 00:00:00.000','onGroundSurface','Netstation','!elec!e_fl_station_lv!6499541792496733204','technischGebouw',TRUE,'tot100cm',0,'deg','laagspanning',5.07247006882984E0,51.54497017704726E0)
COMMIT
DISCONNECT
/*C2*/ALTER TABLE lv_stations RENAME TO mv_stations 
DELETE FROM AL_TABLES WHERE TABLE_NAME='lv_stations'
INSERT INTO AL_TABLES VALUES('mv_stations',NULL,'')
COMMIT
ALTER TABLE mv_stations ALTER COLUMN db_column RENAME TO currentstatus 
ALTER TABLE mv_stations ALTER COLUMN currentstatus SET LONGVARCHAR 
ALTER TABLE mv_stations ALTER COLUMN currentstatus SET LONGVARCHAR 
ALTER TABLE mv_stations ALTER COLUMN currentstatus SET DEFAULT 'functional' 
DISCONNECT
/*C4*/SET SCHEMA PUBLIC
ALTER TABLE mv_stations ADD COLUMN db_column DOUBLE NULL 
DISCONNECT
/*C5*/SET SCHEMA PUBLIC
DISCONNECT
/*C6*/SET SCHEMA PUBLIC
ALTER TABLE mv_stations ALTER COLUMN db_column SET LONGVARCHAR 
ALTER TABLE mv_stations ALTER COLUMN db_column SET TIMESTAMP 
DISCONNECT
/*C7*/SET SCHEMA PUBLIC
DISCONNECT
/*C8*/SET SCHEMA PUBLIC
DISCONNECT
/*C9*/SET SCHEMA PUBLIC
DISCONNECT
/*C10*/SET SCHEMA PUBLIC
ALTER TABLE mv_stations ALTER COLUMN db_column SET LONGVARCHAR 
ALTER TABLE mv_stations ALTER COLUMN db_column SET LONGVARCHAR 
DISCONNECT
/*C11*/SET SCHEMA PUBLIC
INSERT INTO MV_STATIONS VALUES(0,'functional','2008/03/07 00:00:00.000')
INSERT INTO MV_STATIONS VALUES(1,'functional','1997/08/01 00:00:00.000')
INSERT INTO MV_STATIONS VALUES(2,'functional','1967/01/01 00:00:00.000')
INSERT INTO MV_STATIONS VALUES(3,'functional','1951/01/01 00:00:00.000')
INSERT INTO MV_STATIONS VALUES(4,'functional','1997/08/01 00:00:00.000')
INSERT INTO MV_STATIONS VALUES(5,'functional','2017/09/19 00:00:00.000')
INSERT INTO MV_STATIONS VALUES(6,'functional','2018/06/12 00:00:00.000')
INSERT INTO MV_STATIONS VALUES(7,'functional','2020/01/01 00:00:00.000')
COMMIT
DISCONNECT
/*C12*/SET SCHEMA PUBLIC
DISCONNECT
/*C13*/SET SCHEMA PUBLIC
ALTER TABLE mv_stations ADD COLUMN db_column1 DOUBLE NULL 
DISCONNECT
/*C14*/SET SCHEMA PUBLIC
ALTER TABLE mv_stations ALTER COLUMN db_column1 RENAME TO verticalposition 
ALTER TABLE mv_stations ALTER COLUMN verticalposition SET LONGVARCHAR 
ALTER TABLE mv_stations ALTER COLUMN verticalposition SET LONGVARCHAR 
DISCONNECT
/*C15*/SET SCHEMA PUBLIC
DELETE FROM MV_STATIONS WHERE AL_ID=0
INSERT INTO MV_STATIONS VALUES(0,'functional','2008/03/07 00:00:00.000','onGroundSurface')
DELETE FROM MV_STATIONS WHERE AL_ID=1
INSERT INTO MV_STATIONS VALUES(1,'functional','1997/08/01 00:00:00.000','onGroundSurface')
DELETE FROM MV_STATIONS WHERE AL_ID=2
INSERT INTO MV_STATIONS VALUES(2,'functional','1967/01/01 00:00:00.000','onGroundSurface')
DELETE FROM MV_STATIONS WHERE AL_ID=3
INSERT INTO MV_STATIONS VALUES(3,'functional','1951/01/01 00:00:00.000','onGroundSurface')
DELETE FROM MV_STATIONS WHERE AL_ID=4
INSERT INTO MV_STATIONS VALUES(4,'functional','1997/08/01 00:00:00.000','onGroundSurface')
DELETE FROM MV_STATIONS WHERE AL_ID=5
INSERT INTO MV_STATIONS VALUES(5,'functional','2017/09/19 00:00:00.000','onGroundSurface')
DELETE FROM MV_STATIONS WHERE AL_ID=6
INSERT INTO MV_STATIONS VALUES(6,'functional','2018/06/12 00:00:00.000','onGroundSurface')
DELETE FROM MV_STATIONS WHERE AL_ID=7
INSERT INTO MV_STATIONS VALUES(7,'functional','2020/01/01 00:00:00.000','onGroundSurface')
COMMIT
DISCONNECT
/*C16*/SET SCHEMA PUBLIC
DISCONNECT
/*C17*/SET SCHEMA PUBLIC
ALTER TABLE mv_stations ADD COLUMN db_column1 DOUBLE NULL 
DISCONNECT
/*C18*/SET SCHEMA PUBLIC
ALTER TABLE mv_stations ALTER COLUMN db_column1 RENAME TO source 
ALTER TABLE mv_stations ALTER COLUMN db_column RENAME TO validfrom 
ALTER TABLE mv_stations ALTER COLUMN source SET LONGVARCHAR 
ALTER TABLE mv_stations ALTER COLUMN source SET LONGVARCHAR 
DISCONNECT
/*C19*/SET SCHEMA PUBLIC
DELETE FROM MV_STATIONS WHERE AL_ID=0
INSERT INTO MV_STATIONS VALUES(0,'functional','2008/03/07 00:00:00.000','onGroundSurface','!elec!e_fl_station_mv!105130684')
DELETE FROM MV_STATIONS WHERE AL_ID=1
INSERT INTO MV_STATIONS VALUES(1,'functional','1997/08/01 00:00:00.000','onGroundSurface','!elec!e_fl_station_mv!14812442')
DELETE FROM MV_STATIONS WHERE AL_ID=2
INSERT INTO MV_STATIONS VALUES(2,'functional','1967/01/01 00:00:00.000','onGroundSurface','!elec!e_fl_station_mv!14812566')
DELETE FROM MV_STATIONS WHERE AL_ID=3
INSERT INTO MV_STATIONS VALUES(3,'functional','1951/01/01 00:00:00.000','onGroundSurface','!elec!e_fl_station_mv!14812702')
DELETE FROM MV_STATIONS WHERE AL_ID=4
INSERT INTO MV_STATIONS VALUES(4,'functional','1997/08/01 00:00:00.000','onGroundSurface','!elec!e_fl_station_mv!14812848')
DELETE FROM MV_STATIONS WHERE AL_ID=5
INSERT INTO MV_STATIONS VALUES(5,'functional','2017/09/19 00:00:00.000','onGroundSurface','!elec!e_fl_station_mv!5398176138999304886')
DELETE FROM MV_STATIONS WHERE AL_ID=6
INSERT INTO MV_STATIONS VALUES(6,'functional','2018/06/12 00:00:00.000','onGroundSurface','!elec!e_fl_station_mv!5585320551425695102')
DELETE FROM MV_STATIONS WHERE AL_ID=7
INSERT INTO MV_STATIONS VALUES(7,'functional','2020/01/01 00:00:00.000','onGroundSurface','!elec!e_fl_station_mv!6499541792496733204')
COMMIT
DISCONNECT
/*C20*/SET SCHEMA PUBLIC
DISCONNECT
/*C21*/SET SCHEMA PUBLIC
ALTER TABLE mv_stations ADD COLUMN db_column DOUBLE NULL 
DISCONNECT
/*C22*/SET SCHEMA PUBLIC
ALTER TABLE mv_stations ALTER COLUMN db_column RENAME TO omschrijving 
ALTER TABLE mv_stations ALTER COLUMN omschrijving SET LONGVARCHAR 
ALTER TABLE mv_stations ALTER COLUMN omschrijving SET LONGVARCHAR 
DISCONNECT
/*C23*/SET SCHEMA PUBLIC
DELETE FROM MV_STATIONS WHERE AL_ID=0
INSERT INTO MV_STATIONS VALUES(0,'functional','2008/03/07 00:00:00.000','onGroundSurface','!elec!e_fl_station_mv!105130684','Netstation')
DELETE FROM MV_STATIONS WHERE AL_ID=1
INSERT INTO MV_STATIONS VALUES(1,'functional','1997/08/01 00:00:00.000','onGroundSurface','!elec!e_fl_station_mv!14812442','Transportverdeelstation')
DELETE FROM MV_STATIONS WHERE AL_ID=2
INSERT INTO MV_STATIONS VALUES(2,'functional','1967/01/01 00:00:00.000','onGroundSurface','!elec!e_fl_station_mv!14812566','Netstation')
DELETE FROM MV_STATIONS WHERE AL_ID=3
INSERT INTO MV_STATIONS VALUES(3,'functional','1951/01/01 00:00:00.000','onGroundSurface','!elec!e_fl_station_mv!14812702','Netstation')
DELETE FROM MV_STATIONS WHERE AL_ID=4
INSERT INTO MV_STATIONS VALUES(4,'functional','1997/08/01 00:00:00.000','onGroundSurface','!elec!e_fl_station_mv!14812848','Transportverdeelstation')
DELETE FROM MV_STATIONS WHERE AL_ID=5
INSERT INTO MV_STATIONS VALUES(5,'functional','2017/09/19 00:00:00.000','onGroundSurface','!elec!e_fl_station_mv!5398176138999304886','Netstation')
DELETE FROM MV_STATIONS WHERE AL_ID=6
INSERT INTO MV_STATIONS VALUES(6,'functional','2018/06/12 00:00:00.000','onGroundSurface','!elec!e_fl_station_mv!5585320551425695102','Netstation')
DELETE FROM MV_STATIONS WHERE AL_ID=7
INSERT INTO MV_STATIONS VALUES(7,'functional','2020/01/01 00:00:00.000','onGroundSurface','!elec!e_fl_station_mv!6499541792496733204','Netstation')
COMMIT
DISCONNECT
/*C24*/SET SCHEMA PUBLIC
DISCONNECT
/*C25*/SET SCHEMA PUBLIC
ALTER TABLE mv_stations ADD COLUMN db_column DOUBLE NULL 
DISCONNECT
/*C26*/SET SCHEMA PUBLIC
ALTER TABLE mv_stations ALTER COLUMN db_column RENAME TO innetwork 
DISCONNECT
/*C27*/SET SCHEMA PUBLIC
ALTER TABLE mv_stations ALTER COLUMN innetwork SET LONGVARCHAR 
ALTER TABLE mv_stations ALTER COLUMN innetwork SET LONGVARCHAR 
DISCONNECT
/*C28*/SET SCHEMA PUBLIC
ALTER TABLE mv_stations ALTER COLUMN innetwork SET DEFAULT 'middenspanning' 
DISCONNECT
/*C29*/SET SCHEMA PUBLIC
ALTER TABLE mv_stations ADD COLUMN db_column DOUBLE NULL 
DISCONNECT
/*C30*/SET SCHEMA PUBLIC
ALTER TABLE mv_stations ALTER COLUMN db_column RENAME TO xcoord 
ALTER TABLE mv_stations ADD COLUMN db_column DOUBLE NULL 
DISCONNECT
/*C31*/SET SCHEMA PUBLIC
ALTER TABLE mv_stations ALTER COLUMN db_column RENAME TO ycoord 
DISCONNECT
/*C32*/SET SCHEMA PUBLIC
ALTER TABLE mv_stations ALTER COLUMN ycoord RENAME TO db_column 
DELETE FROM MV_STATIONS WHERE AL_ID=0
INSERT INTO MV_STATIONS VALUES(0,'functional','2008/03/07 00:00:00.000','onGroundSurface','!elec!e_fl_station_mv!105130684','Netstation',NULL,5.076298813099873E0,NULL)
DELETE FROM MV_STATIONS WHERE AL_ID=1
INSERT INTO MV_STATIONS VALUES(1,'functional','1997/08/01 00:00:00.000','onGroundSurface','!elec!e_fl_station_mv!14812442','Transportverdeelstation',NULL,5.065892783231549E0,NULL)
DELETE FROM MV_STATIONS WHERE AL_ID=2
INSERT INTO MV_STATIONS VALUES(2,'functional','1967/01/01 00:00:00.000','onGroundSurface','!elec!e_fl_station_mv!14812566','Netstation',NULL,5.069751306341601E0,NULL)
DELETE FROM MV_STATIONS WHERE AL_ID=3
INSERT INTO MV_STATIONS VALUES(3,'functional','1951/01/01 00:00:00.000','onGroundSurface','!elec!e_fl_station_mv!14812702','Netstation',NULL,5.074239255757264E0,NULL)
DELETE FROM MV_STATIONS WHERE AL_ID=4
INSERT INTO MV_STATIONS VALUES(4,'functional','1997/08/01 00:00:00.000','onGroundSurface','!elec!e_fl_station_mv!14812848','Transportverdeelstation',NULL,5.079955658343341E0,NULL)
DELETE FROM MV_STATIONS WHERE AL_ID=5
INSERT INTO MV_STATIONS VALUES(5,'functional','2017/09/19 00:00:00.000','onGroundSurface','!elec!e_fl_station_mv!5398176138999304886','Netstation',NULL,5.077385672003873E0,NULL)
DELETE FROM MV_STATIONS WHERE AL_ID=6
INSERT INTO MV_STATIONS VALUES(6,'functional','2018/06/12 00:00:00.000','onGroundSurface','!elec!e_fl_station_mv!5585320551425695102','Netstation',NULL,5.070451841470004E0,NULL)
DELETE FROM MV_STATIONS WHERE AL_ID=7
INSERT INTO MV_STATIONS VALUES(7,'functional','2020/01/01 00:00:00.000','onGroundSurface','!elec!e_fl_station_mv!6499541792496733204','Netstation',NULL,5.07247006882984E0,NULL)
COMMIT
DISCONNECT
/*C33*/SET SCHEMA PUBLIC
DISCONNECT
/*C34*/SET SCHEMA PUBLIC
DELETE FROM MV_STATIONS WHERE AL_ID=0
INSERT INTO MV_STATIONS VALUES(0,'functional','2008/03/07 00:00:00.000','onGroundSurface','!elec!e_fl_station_mv!105130684','Netstation','middenspanning',5.076298813099873E0,NULL)
DELETE FROM MV_STATIONS WHERE AL_ID=1
INSERT INTO MV_STATIONS VALUES(1,'functional','1997/08/01 00:00:00.000','onGroundSurface','!elec!e_fl_station_mv!14812442','Transportverdeelstation','middenspanning',5.065892783231549E0,NULL)
DELETE FROM MV_STATIONS WHERE AL_ID=2
INSERT INTO MV_STATIONS VALUES(2,'functional','1967/01/01 00:00:00.000','onGroundSurface','!elec!e_fl_station_mv!14812566','Netstation','middenspanning',5.069751306341601E0,NULL)
DELETE FROM MV_STATIONS WHERE AL_ID=3
INSERT INTO MV_STATIONS VALUES(3,'functional','1951/01/01 00:00:00.000','onGroundSurface','!elec!e_fl_station_mv!14812702','Netstation','middenspanning',5.074239255757264E0,NULL)
DELETE FROM MV_STATIONS WHERE AL_ID=4
INSERT INTO MV_STATIONS VALUES(4,'functional','1997/08/01 00:00:00.000','onGroundSurface','!elec!e_fl_station_mv!14812848','Transportverdeelstation','middenspanning',5.079955658343341E0,NULL)
DELETE FROM MV_STATIONS WHERE AL_ID=5
INSERT INTO MV_STATIONS VALUES(5,'functional','2017/09/19 00:00:00.000','onGroundSurface','!elec!e_fl_station_mv!5398176138999304886','Netstation','middenspanning',5.077385672003873E0,NULL)
DELETE FROM MV_STATIONS WHERE AL_ID=6
INSERT INTO MV_STATIONS VALUES(6,'functional','2018/06/12 00:00:00.000','onGroundSurface','!elec!e_fl_station_mv!5585320551425695102','Netstation','middenspanning',5.070451841470004E0,NULL)
DELETE FROM MV_STATIONS WHERE AL_ID=7
INSERT INTO MV_STATIONS VALUES(7,'functional','2020/01/01 00:00:00.000','onGroundSurface','!elec!e_fl_station_mv!6499541792496733204','Netstation','middenspanning',5.07247006882984E0,NULL)
COMMIT
DISCONNECT
/*C35*/SET SCHEMA PUBLIC
DISCONNECT
/*C36*/SET SCHEMA PUBLIC
DELETE FROM MV_STATIONS WHERE AL_ID=0
INSERT INTO MV_STATIONS VALUES(0,'functional','2008/03/07 00:00:00.000','onGroundSurface','!elec!e_fl_station_mv!105130684','Netstation','middenspanning',5.076298813099873E0,51.54557425806523E0)
DELETE FROM MV_STATIONS WHERE AL_ID=1
INSERT INTO MV_STATIONS VALUES(1,'functional','1997/08/01 00:00:00.000','onGroundSurface','!elec!e_fl_station_mv!14812442','Transportverdeelstation','middenspanning',5.065892783231549E0,51.54609105941957E0)
DELETE FROM MV_STATIONS WHERE AL_ID=2
INSERT INTO MV_STATIONS VALUES(2,'functional','1967/01/01 00:00:00.000','onGroundSurface','!elec!e_fl_station_mv!14812566','Netstation','middenspanning',5.069751306341601E0,51.54511402449348E0)
DELETE FROM MV_STATIONS WHERE AL_ID=3
INSERT INTO MV_STATIONS VALUES(3,'functional','1951/01/01 00:00:00.000','onGroundSurface','!elec!e_fl_station_mv!14812702','Netstation','middenspanning',5.074239255757264E0,51.54694016355527E0)
DELETE FROM MV_STATIONS WHERE AL_ID=4
INSERT INTO MV_STATIONS VALUES(4,'functional','1997/08/01 00:00:00.000','onGroundSurface','!elec!e_fl_station_mv!14812848','Transportverdeelstation','middenspanning',5.079955658343341E0,51.54306882530119E0)
DELETE FROM MV_STATIONS WHERE AL_ID=5
INSERT INTO MV_STATIONS VALUES(5,'functional','2017/09/19 00:00:00.000','onGroundSurface','!elec!e_fl_station_mv!5398176138999304886','Netstation','middenspanning',5.077385672003873E0,51.54704901021624E0)
DELETE FROM MV_STATIONS WHERE AL_ID=6
INSERT INTO MV_STATIONS VALUES(6,'functional','2018/06/12 00:00:00.000','onGroundSurface','!elec!e_fl_station_mv!5585320551425695102','Netstation','middenspanning',5.070451841470004E0,51.54668157971448E0)
DELETE FROM MV_STATIONS WHERE AL_ID=7
INSERT INTO MV_STATIONS VALUES(7,'functional','2020/01/01 00:00:00.000','onGroundSurface','!elec!e_fl_station_mv!6499541792496733204','Netstation','middenspanning',5.07247006882984E0,51.54497017704726E0)
COMMIT
DISCONNECT
/*C37*/SET SCHEMA PUBLIC
DISCONNECT
/*C38*/SET SCHEMA PUBLIC
ALTER TABLE mv_stations ALTER COLUMN db_column RENAME TO ycoord 
ALTER TABLE afrikaanderbuurt_midden_lv_stat RENAME TO lv_stations 
DELETE FROM AL_TABLES WHERE TABLE_NAME='afrikaanderbuurt_midden_lv_stat'
INSERT INTO AL_TABLES VALUES('lv_stations',NULL,'')
COMMIT
ALTER TABLE afrikaanderbuurt_midden_verblij RENAME TO verblijfsobjecten 
DELETE FROM AL_TABLES WHERE TABLE_NAME='afrikaanderbuurt_midden_verblij'
INSERT INTO AL_TABLES VALUES('verblijfsobjecten',NULL,'')
COMMIT
/*C39*/SET SCHEMA PUBLIC
DISCONNECT
/*C38*/DISCONNECT
/*C41*/SET SCHEMA PUBLIC
DISCONNECT
/*C40*/SET SCHEMA PUBLIC
DISCONNECT
/*C42*/SET SCHEMA PUBLIC
DISCONNECT
/*C43*/SET SCHEMA PUBLIC
DISCONNECT
/*C45*/SET SCHEMA PUBLIC
DISCONNECT
/*C44*/SET SCHEMA PUBLIC
DISCONNECT
/*C47*/SET SCHEMA PUBLIC
DISCONNECT
/*C46*/SET SCHEMA PUBLIC
DISCONNECT
/*C49*/SET SCHEMA PUBLIC
DISCONNECT
/*C48*/SET SCHEMA PUBLIC
DISCONNECT
/*C50*/SET SCHEMA PUBLIC
DISCONNECT
